<?xml version="1.0" encoding="UTF-8" ?>
<testsuite failures="0" time="2.644" errors="0" skipped="0" tests="8" name="InjectedTest">
  <properties>
[...]
</properties>
  <testcase time="1.291" classname="org.jvnet.hudson.test.JellyTestSuiteBuilder$JellyCheck" name="\/C:\/Users\/eyehwan\/Jdepend\/target\/classes\/hudson\/plugins\/jdepend\/JDependBuildAction\/index.jelly"/>
  <testcase time="0.044" classname="org.jvnet.hudson.test.JellyTestSuiteBuilder$JellyCheck" name="\/C:\/Users\/eyehwan\/Jdepend\/target\/classes\/hudson\/plugins\/jdepend\/JDependProjectAction\/index.jelly"/>
  <testcase time="0.672" classname="org.jvnet.hudson.test.JellyTestSuiteBuilder$JellyCheck" name="\/C:\/Users\/eyehwan\/Jdepend\/target\/classes\/hudson\/plugins\/jdepend\/JDependRecorder\/config.jelly"/>
  <testcase time="0.081" classname="org.jvnet.hudson.test.JellyTestSuiteBuilder$JellyCheck" name="\/C:\/Users\/eyehwan\/Jdepend\/target\/classes\/hudson\/plugins\/jdepend\/portlet\/JdependPortlet\/config.jelly"/>
  <testcase time="0.512" classname="org.jvnet.hudson.test.JellyTestSuiteBuilder$JellyCheck" name="\/C:\/Users\/eyehwan\/Jdepend\/target\/classes\/hudson\/plugins\/jdepend\/portlet\/JdependPortlet\/Jdepend.jelly"/>
  <testcase time="0.044" classname="org.jvnet.hudson.test.JellyTestSuiteBuilder$JellyCheck" name="\/C:\/Users\/eyehwan\/Jdepend\/target\/classes\/hudson\/plugins\/jdepend\/portlet\/JdependPortlet\/portlet.jelly"/>
  <testcase time="0" classname="org.jvnet.hudson.test.JellyTestSuiteBuilder$JellyCheck" name="\/C:\/Users\/eyehwan\/Jdepend\/target\/classes\/index.jelly"/>
  <testcase time="0" classname="org.jvnet.hudson.test.junit.FailedTest" name="org.jvnet.hudson.test.JellyTestSuiteBuilder$JellyTestSuite"/>
</testsuite>